<?xml version="1.0" encoding="UTF-8"?>
<!-- Generated by org.testng.reporters.JUnitReportReporter -->
<testsuite hostname="LP-5CD120NLR8" name="testNgListenerExtentReportScreenshot.FreeCRMTest" tests="1" failures="0" timestamp="29 Oct 2021 10:31:25 GMT" time="13.234" errors="0">
  <testcase name="freeCrmTitleTest" time="13.234" classname="testNgListenerExtentReportScreenshot.FreeCRMTest"/>
</testsuite> <!-- testNgListenerExtentReportScreenshot.FreeCRMTest -->
