<?xml version="1.0" encoding="UTF-8"?>
<!-- Generated by org.testng.reporters.JUnitReportReporter -->
<testsuite hostname="LP-5CD120NLR8" name="Example.DownloadingFile" tests="1" failures="0" timestamp="20 Nov 2021 08:55:44 GMT" time="5.735" errors="0">
  <testcase name="downloadFile" time="5.735" classname="Example.DownloadingFile"/>
</testsuite> <!-- Example.DownloadingFile -->
