<?xml version="1.0" encoding="UTF-8"?>
<!-- Generated by org.testng.reporters.JUnitReportReporter -->
<testsuite hostname="LP-5CD120NLR8" name="Example.OrderedList" tests="1" failures="0" timestamp="19 Nov 2021 04:57:34 GMT" time="9.671" errors="0">
  <testcase name="orderedList" time="9.671" classname="Example.OrderedList"/>
</testsuite> <!-- Example.OrderedList -->
