<?xml version="1.0" encoding="UTF-8"?>
<!-- Generated by org.testng.reporters.JUnitReportReporter -->
<testsuite hostname="LP-5CD120NLR8" name="Example.FrameHandle" tests="1" failures="0" timestamp="14 Oct 2021 06:19:51 GMT" time="17.927" errors="0">
  <testcase name="frame_handle" time="17.927" classname="Example.FrameHandle"/>
</testsuite> <!-- Example.FrameHandle -->
