<?xml version="1.0" encoding="UTF-8"?>
<!-- Generated by org.testng.reporters.JUnitReportReporter -->
<testsuite hostname="LP-5CD120NLR8" name="Example.UploadFile" tests="1" failures="0" timestamp="20 Nov 2021 08:45:58 GMT" time="16.204" errors="0">
  <testcase name="fileUpload" time="16.204" classname="Example.UploadFile"/>
</testsuite> <!-- Example.UploadFile -->
