<?xml version="1.0" encoding="UTF-8"?>
<!-- Generated by org.testng.reporters.JUnitReportReporter -->
<testsuite hostname="LP-5CD120NLR8" name="Example.AlertHandle" tests="1" failures="0" timestamp="13 Oct 2021 06:45:22 GMT" time="30.163" errors="0">
  <testcase name="alert" time="30.163" classname="Example.AlertHandle"/>
</testsuite> <!-- Example.AlertHandle -->
