<?xml version="1.0" encoding="UTF-8"?>
<!-- Generated by org.testng.reporters.JUnitReportReporter -->
<testsuite hostname="LP-5CD120NLR8" name="Example.Explicit_waitAlert" tests="1" failures="0" timestamp="21 Oct 2021 07:45:07 GMT" time="5.404" errors="0">
  <testcase name="alert_wait" time="5.404" classname="Example.Explicit_waitAlert"/>
</testsuite> <!-- Example.Explicit_waitAlert -->
