<?xml version="1.0" encoding="UTF-8"?>
<!-- Generated by org.testng.reporters.JUnitReportReporter -->
<testsuite hostname="LP-5CD120NLR8" name="Example.Navigate_Cmnds" tests="1" failures="0" timestamp="14 Oct 2021 11:45:04 GMT" time="27.393" errors="0">
  <testcase name="navigate" time="27.393" classname="Example.Navigate_Cmnds"/>
</testsuite> <!-- Example.Navigate_Cmnds -->
