<?xml version="1.0" encoding="UTF-8"?>
<!-- Generated by org.testng.reporters.JUnitReportReporter -->
<testsuite hostname="LP-5CD120NLR8" name="Example.DropDown" tests="1" failures="0" timestamp="27 Nov 2021 05:59:11 GMT" time="6.835" errors="0">
  <testcase name="dropDown" time="6.835" classname="Example.DropDown"/>
</testsuite> <!-- Example.DropDown -->
