<?xml version="1.0" encoding="UTF-8"?>
<!-- Generated by org.testng.reporters.JUnitReportReporter -->
<testsuite hostname="LP-5CD120NLR8" name="Example.ImplicitWait" tests="1" failures="0" timestamp="19 Oct 2021 06:20:57 GMT" time="12.979" errors="0">
  <testcase name="Implicit_Wait" time="12.979" classname="Example.ImplicitWait"/>
</testsuite> <!-- Example.ImplicitWait -->
