<?xml version="1.0" encoding="UTF-8"?>
<!-- Generated by org.testng.reporters.JUnitReportReporter -->
<testsuite hostname="LP-5CD120NLR8" name="Example.DatePicker" tests="1" failures="0" timestamp="20 Nov 2021 08:33:46 GMT" time="21.017" errors="0">
  <testcase name="date" time="21.017" classname="Example.DatePicker"/>
</testsuite> <!-- Example.DatePicker -->
