<?xml version="1.0" encoding="UTF-8"?>
<!-- Generated by org.testng.reporters.JUnitReportReporter -->
<testsuite hostname="LP-5CD120NLR8" name="Example.GetCookies" tests="1" failures="0" timestamp="27 Oct 2021 14:55:22 GMT" time="5.687" errors="0">
  <testcase name="getcookies" time="5.687" classname="Example.GetCookies"/>
</testsuite> <!-- Example.GetCookies -->
