<?xml version="1.0" encoding="UTF-8"?>
<!-- Generated by org.testng.reporters.JUnitReportReporter -->
<testsuite hostname="LP-5CD120NLR8" name="Example.DragAndDropToLoc" tests="1" failures="0" timestamp="19 Oct 2021 08:41:44 GMT" time="6.469" errors="0">
  <testcase name="f" time="6.469" classname="Example.DragAndDropToLoc"/>
</testsuite> <!-- Example.DragAndDropToLoc -->
