<?xml version="1.0" encoding="UTF-8"?>
<!-- Generated by org.testng.reporters.JUnitReportReporter -->
<testsuite hostname="LP-5CD120NLR8" name="Example.DeleteCookies" tests="1" failures="0" timestamp="28 Oct 2021 05:07:35 GMT" time="6.471" errors="0">
  <testcase name="deleteCookies" time="6.471" classname="Example.DeleteCookies"/>
</testsuite> <!-- Example.DeleteCookies -->
