<?xml version="1.0" encoding="UTF-8"?>
<!-- Generated by org.testng.reporters.JUnitReportReporter -->
<testsuite hostname="LP-5CD120NLR8" name="Example.UnorderedList" tests="1" failures="0" timestamp="20 Oct 2021 09:14:31 GMT" time="13.727" errors="0">
  <testcase name="unordered_List" time="13.727" classname="Example.UnorderedList"/>
</testsuite> <!-- Example.UnorderedList -->
