<?xml version="1.0" encoding="UTF-8"?>
<!-- Generated by org.testng.reporters.JUnitReportReporter -->
<testsuite hostname="LP-5CD120NLR8" name="Example.DragAndDropAnywhere" tests="1" failures="0" timestamp="22 Oct 2021 11:08:58 GMT" time="7.554" errors="0">
  <testcase name="f" time="7.554" classname="Example.DragAndDropAnywhere"/>
</testsuite> <!-- Example.DragAndDropAnywhere -->
