<?xml version="1.0" encoding="UTF-8"?>
<!-- Generated by org.testng.reporters.JUnitReportReporter -->
<testsuite hostname="LP-5CD120NLR8" name="Example.ClientConfigPropertiesClass" tests="1" failures="0" timestamp="27 Oct 2021 14:23:52 GMT" time="8.976" errors="0">
  <testcase name="clientConfigProperties" time="8.976" classname="Example.ClientConfigPropertiesClass"/>
</testsuite> <!-- Example.ClientConfigPropertiesClass -->
