<?xml version="1.0" encoding="UTF-8"?>
<!-- Generated by org.testng.reporters.JUnitReportReporter -->
<testsuite hostname="LP-5CD120NLR8" name="Example.Link" tests="1" failures="0" timestamp="12 Oct 2021 06:02:26 GMT" time="21.236" errors="0">
  <testcase name="login" time="21.236" classname="Example.Link"/>
</testsuite> <!-- Example.Link -->
