<?xml version="1.0" encoding="UTF-8"?>
<!-- Generated by org.testng.reporters.JUnitReportReporter -->
<testsuite hostname="LP-5CD120NLR8" name="Example.Screenshot" tests="1" failures="0" timestamp="20 Oct 2021 09:57:03 GMT" time="8.471" errors="0">
  <testcase name="login" time="8.471" classname="Example.Screenshot"/>
</testsuite> <!-- Example.Screenshot -->
