<?xml version="1.0" encoding="UTF-8"?>
<!-- Generated by org.testng.reporters.JUnitReportReporter -->
<testsuite hostname="LP-5CD120NLR8" name="Example.CheckBox" tests="1" failures="0" timestamp="12 Oct 2021 05:14:52 GMT" time="15.605" errors="0">
  <testcase name="selectCheck" time="15.605" classname="Example.CheckBox"/>
</testsuite> <!-- Example.CheckBox -->
