<?xml version="1.0" encoding="UTF-8"?>
<!-- Generated by org.testng.reporters.JUnitReportReporter -->
<testsuite hostname="LP-5CD120NLR8" name="Example.RadioBtn" tests="1" failures="0" timestamp="11 Oct 2021 10:47:51 GMT" time="5.855" errors="0">
  <testcase name="radioBtn" time="5.855" classname="Example.RadioBtn"/>
</testsuite> <!-- Example.RadioBtn -->
