<?xml version="1.0" encoding="UTF-8"?>
<!-- Generated by org.testng.reporters.JUnitReportReporter -->
<testsuite hostname="LP-5CD120NLR8" name="Example.Link_Image" tests="1" failures="0" timestamp="12 Oct 2021 06:10:56 GMT" time="7.720" errors="0">
  <testcase name="login" time="7.720" classname="Example.Link_Image"/>
</testsuite> <!-- Example.Link_Image -->
