<?xml version="1.0" encoding="UTF-8"?>
<!-- Generated by org.testng.reporters.JUnitReportReporter -->
<testsuite hostname="LP-5CD120NLR8" name="Example.SendKeys" tests="1" failures="0" timestamp="13 Oct 2021 06:03:07 GMT" time="108.761" errors="0">
  <testcase name="dropdownSendKeys" time="108.761" classname="Example.SendKeys"/>
</testsuite> <!-- Example.SendKeys -->
