<?xml version="1.0" encoding="UTF-8"?>
<!-- Generated by org.testng.reporters.JUnitReportReporter -->
<testsuite hostname="LP-5CD120NLR8" name="Example.ScrollWithinPageJavaScript" tests="1" failures="0" timestamp="27 Oct 2021 13:41:36 GMT" time="15.360" errors="0">
  <testcase name="login" time="15.360" classname="Example.ScrollWithinPageJavaScript"/>
</testsuite> <!-- Example.ScrollWithinPageJavaScript -->
