<?xml version="1.0" encoding="UTF-8"?>
<!-- Generated by org.testng.reporters.JUnitReportReporter -->
<testsuite hostname="LP-5CD120NLR8" name="Example.DropDown" tests="1" failures="0" timestamp="1 Dec 2021 03:50:56 GMT" time="9.602" errors="0">
  <testcase name="dropDown" time="9.602" classname="Example.DropDown"/>
</testsuite> <!-- Example.DropDown -->
