<?xml version="1.0" encoding="UTF-8"?>
<!-- Generated by org.testng.reporters.JUnitReportReporter -->
<testsuite hostname="LP-5CD120NLR8" name="Example.AmazonLogin" tests="1" failures="0" timestamp="11 Oct 2021 10:44:07 GMT" time="8.421" errors="0">
  <testcase name="login" time="8.421" classname="Example.AmazonLogin"/>
</testsuite> <!-- Example.AmazonLogin -->
