<?xml version="1.0" encoding="UTF-8"?>
<!-- Generated by org.testng.reporters.JUnitReportReporter -->
<testsuite hostname="LP-5CD120NLR8" name="Example.AlertScreenshot" tests="1" failures="0" timestamp="22 Oct 2021 11:10:03 GMT" time="15.187" errors="0">
  <testcase name="alert" time="15.187" classname="Example.AlertScreenshot"/>
</testsuite> <!-- Example.AlertScreenshot -->
