<?xml version="1.0" encoding="UTF-8"?>
<!-- Generated by org.testng.reporters.JUnitReportReporter -->
<testsuite hostname="LP-5CD120NLR8" name="Example.DatePicker" tests="1" failures="0" timestamp="27 Nov 2021 09:02:07 GMT" time="69.649" errors="0">
  <testcase name="date" time="69.649" classname="Example.DatePicker"/>
</testsuite> <!-- Example.DatePicker -->
