<?xml version="1.0" encoding="UTF-8"?>
<!-- Generated by org.testng.reporters.JUnitReportReporter -->
<testsuite hostname="LP-5CD120NLR8" name="Example.Explicit_waitAlert" tests="1" failures="0" timestamp="30 Nov 2021 04:18:30 GMT" time="6.873" errors="0">
  <testcase name="alert_wait" time="6.873" classname="Example.Explicit_waitAlert"/>
</testsuite> <!-- Example.Explicit_waitAlert -->
