<?xml version="1.0" encoding="UTF-8"?>
<!-- Generated by org.testng.reporters.JUnitReportReporter -->
<testsuite hostname="LP-5CD120NLR8" name="functionality.LoginFunctionality" tests="1" failures="0" timestamp="20 Oct 2021 09:35:41 GMT" time="5.642" errors="0">
  <testcase name="loginAmazon" time="5.642" classname="functionality.LoginFunctionality"/>
</testsuite> <!-- functionality.LoginFunctionality -->
