<?xml version="1.0" encoding="UTF-8"?>
<!-- Generated by org.testng.reporters.JUnitReportReporter -->
<testsuite hostname="LP-5CD120NLR8" name="Example.MouseActions" tests="1" failures="0" timestamp="21 Oct 2021 08:18:06 GMT" time="5.334" errors="0">
  <testcase name="f" time="5.334" classname="Example.MouseActions"/>
</testsuite> <!-- Example.MouseActions -->
