<?xml version="1.0" encoding="UTF-8"?>
<!-- Generated by org.testng.reporters.JUnitReportReporter -->
<testsuite hostname="LP-5CD120NLR8" name="Example.AddCookies" tests="1" failures="0" timestamp="23 Nov 2021 05:37:13 GMT" time="7.796" errors="0">
  <testcase name="addCookies" time="7.796" classname="Example.AddCookies"/>
</testsuite> <!-- Example.AddCookies -->
